TN:
SF:src\services\slices\constructor\index.ts
FN:26,reducer
FN:33,prepare
FN:38,removeIngredient
FN:44,moveIngredientUp
FN:57,moveIngredientDown
FN:71,clearIngredients
FN:77,getConstructorItems
FN:78,getOrderStatus
FN:79,getBurgerConstructorState
FNF:9
FNH:5
FNDA:6,reducer
FNDA:6,prepare
FNDA:1,removeIngredient
FNDA:1,moveIngredientUp
FNDA:1,moveIngredientDown
FNDA:0,clearIngredients
FNDA:0,getConstructorItems
FNDA:0,getOrderStatus
FNDA:0,getBurgerConstructorState
DA:1,1
DA:2,1
DA:3,1
DA:4,1
DA:5,1
DA:6,1
DA:7,1
DA:8,1
DA:9,1
DA:10,1
DA:11,1
DA:12,1
DA:13,1
DA:14,1
DA:15,1
DA:16,1
DA:17,1
DA:18,1
DA:19,1
DA:20,1
DA:21,1
DA:22,1
DA:23,1
DA:24,1
DA:25,1
DA:26,1
DA:27,6
DA:28,0
DA:29,6
DA:30,6
DA:31,6
DA:32,1
DA:33,1
DA:34,6
DA:35,6
DA:36,6
DA:37,1
DA:38,1
DA:39,1
DA:40,1
DA:41,1
DA:42,1
DA:43,1
DA:44,1
DA:45,1
DA:46,1
DA:47,1
DA:48,1
DA:49,1
DA:50,1
DA:51,1
DA:52,1
DA:53,1
DA:54,1
DA:55,1
DA:56,1
DA:57,1
DA:58,1
DA:59,1
DA:60,1
DA:61,1
DA:62,1
DA:63,1
DA:64,1
DA:65,1
DA:66,1
DA:67,1
DA:68,1
DA:69,1
DA:70,1
DA:71,1
DA:72,0
DA:73,0
DA:74,0
DA:75,1
DA:76,1
DA:77,1
DA:78,1
DA:79,1
DA:80,1
DA:81,1
DA:82,1
DA:83,1
DA:84,1
DA:85,1
DA:86,1
DA:87,1
DA:88,1
DA:89,1
DA:90,1
DA:91,1
DA:92,1
DA:93,1
DA:94,1
DA:95,1
DA:96,1
LF:96
LH:92
BRDA:26,0,0,6
BRDA:27,1,0,0
BRDA:33,2,0,6
BRDA:38,3,0,1
BRDA:41,4,0,1
BRDA:44,5,0,1
BRDA:49,6,0,2
BRDA:57,7,0,1
BRDA:62,8,0,1
BRF:9
BRH:8
end_of_record
TN:
SF:src\services\slices\feeds\index.ts
FN:25,extraReducers
FN:41,feedOrdersSelector
FN:42,wholeFeedSelector
FN:43,feedStatusSelector
FNF:4
FNH:1
FNDA:1,extraReducers
FNDA:0,feedOrdersSelector
FNDA:0,wholeFeedSelector
FNDA:0,feedStatusSelector
DA:1,1
DA:2,1
DA:3,1
DA:4,1
DA:5,1
DA:6,0
DA:7,1
DA:8,1
DA:9,1
DA:10,1
DA:11,1
DA:12,1
DA:13,1
DA:14,1
DA:15,1
DA:16,1
DA:17,1
DA:18,1
DA:19,1
DA:20,1
DA:21,1
DA:22,1
DA:23,1
DA:24,1
DA:25,1
DA:26,1
DA:27,1
DA:28,1
DA:29,1
DA:30,1
DA:31,1
DA:32,1
DA:33,1
DA:34,1
DA:35,1
DA:36,1
DA:37,1
DA:38,1
DA:39,1
DA:40,1
DA:41,1
DA:42,1
DA:43,1
DA:44,1
DA:45,1
DA:46,1
DA:47,1
DA:48,1
DA:49,1
DA:50,1
LF:50
LH:49
BRDA:25,0,0,1
BRDA:27,1,0,1
BRDA:31,2,0,1
BRDA:35,3,0,1
BRF:4
BRH:4
end_of_record
TN:
SF:src\services\slices\ingredients\index.ts
FN:26,extraReducers
FN:44,IngredientsDataSelector
FN:45,IngredientsStatusSelector
FNF:3
FNH:1
FNDA:1,extraReducers
FNDA:0,IngredientsDataSelector
FNDA:0,IngredientsStatusSelector
DA:1,1
DA:2,1
DA:3,1
DA:4,1
DA:5,1
DA:6,1
DA:7,1
DA:8,1
DA:9,1
DA:10,1
DA:11,1
DA:12,1
DA:13,1
DA:14,1
DA:15,1
DA:16,1
DA:17,1
DA:18,1
DA:19,1
DA:20,1
DA:21,1
DA:22,1
DA:23,1
DA:24,1
DA:25,1
DA:26,1
DA:27,1
DA:28,1
DA:29,1
DA:30,1
DA:31,1
DA:32,1
DA:33,1
DA:34,1
DA:35,1
DA:36,1
DA:37,1
DA:38,1
DA:39,1
DA:40,1
DA:41,1
DA:42,1
DA:43,1
DA:44,1
DA:45,1
DA:46,1
DA:47,1
DA:48,1
DA:49,1
DA:50,1
DA:51,1
LF:51
LH:51
BRDA:26,0,0,1
BRDA:28,1,0,1
BRDA:32,2,0,1
BRDA:37,3,0,1
BRF:4
BRH:4
end_of_record
TN:
SF:src\services\slices\orders\index.ts
FN:41,clearOrder
FN:45,extraReducers
FN:85,orderDataSelector
FN:86,orderRequestSelector
FN:87,ordersSelector
FNF:5
FNH:1
FNDA:0,clearOrder
FNDA:1,extraReducers
FNDA:0,orderDataSelector
FNDA:0,orderRequestSelector
FNDA:0,ordersSelector
DA:1,1
DA:2,1
DA:3,1
DA:4,1
DA:5,1
DA:6,1
DA:7,1
DA:8,0
DA:9,0
DA:10,0
DA:11,0
DA:12,0
DA:13,0
DA:14,1
DA:15,1
DA:16,1
DA:17,1
DA:18,1
DA:19,1
DA:20,1
DA:21,1
DA:22,1
DA:23,1
DA:24,1
DA:25,1
DA:26,1
DA:27,1
DA:28,1
DA:29,1
DA:30,1
DA:31,1
DA:32,1
DA:33,1
DA:34,1
DA:35,1
DA:36,1
DA:37,1
DA:38,1
DA:39,1
DA:40,1
DA:41,1
DA:42,0
DA:43,0
DA:44,1
DA:45,1
DA:46,1
DA:47,1
DA:48,1
DA:49,1
DA:50,1
DA:51,1
DA:52,1
DA:53,1
DA:54,1
DA:55,1
DA:56,1
DA:57,1
DA:58,1
DA:59,1
DA:60,1
DA:61,1
DA:62,1
DA:63,1
DA:64,1
DA:65,1
DA:66,1
DA:67,1
DA:68,1
DA:69,1
DA:70,1
DA:71,1
DA:72,1
DA:73,1
DA:74,1
DA:75,1
DA:76,1
DA:77,1
DA:78,1
DA:79,1
DA:80,1
DA:81,1
DA:82,1
DA:83,1
DA:84,1
DA:85,1
DA:86,1
DA:87,1
DA:88,1
DA:89,1
DA:90,1
DA:91,1
DA:92,1
DA:93,1
DA:94,1
DA:95,1
LF:95
LH:87
BRDA:45,0,0,1
BRDA:47,1,0,1
BRDA:51,2,0,1
BRDA:56,3,0,1
BRDA:60,4,0,1
BRDA:64,5,0,1
BRDA:67,6,0,1
BRDA:71,7,0,1
BRDA:75,8,0,1
BRDA:79,9,0,1
BRF:10
BRH:10
end_of_record
TN:
SF:src\services\slices\user\index.ts
FN:96,extraReducers
FN:185,isAuthCheckedSelector
FN:186,isAuthenticatedSelector
FN:187,userDataSelector
FN:188,userStatusSelector
FNF:5
FNH:1
FNDA:1,extraReducers
FNDA:0,isAuthCheckedSelector
FNDA:0,isAuthenticatedSelector
FNDA:0,userDataSelector
FNDA:0,userStatusSelector
DA:1,1
DA:2,1
DA:3,1
DA:4,1
DA:5,1
DA:6,1
DA:7,1
DA:8,1
DA:9,1
DA:10,1
DA:11,1
DA:12,1
DA:13,1
DA:14,1
DA:15,1
DA:16,1
DA:17,1
DA:18,1
DA:19,1
DA:20,0
DA:21,0
DA:22,0
DA:23,0
DA:24,0
DA:25,0
DA:26,1
DA:27,1
DA:28,1
DA:29,1
DA:30,1
DA:31,0
DA:32,0
DA:33,0
DA:34,0
DA:35,0
DA:36,0
DA:37,0
DA:38,0
DA:39,1
DA:40,1
DA:41,1
DA:42,1
DA:43,1
DA:44,0
DA:45,0
DA:46,0
DA:47,0
DA:48,0
DA:49,0
DA:50,0
DA:51,0
DA:52,1
DA:53,1
DA:54,1
DA:55,1
DA:56,1
DA:57,0
DA:58,0
DA:59,0
DA:60,0
DA:61,0
DA:62,0
DA:63,1
DA:64,1
DA:65,1
DA:66,1
DA:67,1
DA:68,0
DA:69,0
DA:70,0
DA:71,0
DA:72,0
DA:73,0
DA:74,1
DA:75,1
DA:76,1
DA:77,1
DA:78,1
DA:79,1
DA:80,1
DA:81,1
DA:82,1
DA:83,1
DA:84,1
DA:85,1
DA:86,1
DA:87,1
DA:88,1
DA:89,1
DA:90,1
DA:91,1
DA:92,1
DA:93,1
DA:94,1
DA:95,1
DA:96,1
DA:97,1
DA:98,1
DA:99,1
DA:100,1
DA:101,1
DA:102,1
DA:103,1
DA:104,1
DA:105,1
DA:106,1
DA:107,1
DA:108,1
DA:109,1
DA:110,1
DA:111,1
DA:112,1
DA:113,1
DA:114,1
DA:115,1
DA:116,1
DA:117,1
DA:118,1
DA:119,1
DA:120,1
DA:121,1
DA:122,1
DA:123,1
DA:124,1
DA:125,1
DA:126,1
DA:127,1
DA:128,1
DA:129,1
DA:130,1
DA:131,1
DA:132,1
DA:133,1
DA:134,1
DA:135,1
DA:136,1
DA:137,1
DA:138,1
DA:139,1
DA:140,1
DA:141,1
DA:142,1
DA:143,1
DA:144,1
DA:145,1
DA:146,1
DA:147,1
DA:148,1
DA:149,1
DA:150,1
DA:151,1
DA:152,1
DA:153,1
DA:154,1
DA:155,1
DA:156,1
DA:157,1
DA:158,1
DA:159,1
DA:160,1
DA:161,1
DA:162,1
DA:163,1
DA:164,1
DA:165,1
DA:166,1
DA:167,1
DA:168,1
DA:169,1
DA:170,1
DA:171,1
DA:172,1
DA:173,1
DA:174,1
DA:175,1
DA:176,1
DA:177,1
DA:178,1
DA:179,1
DA:180,1
DA:181,1
DA:182,1
DA:183,1
DA:184,1
DA:185,1
DA:186,1
DA:187,1
DA:188,1
DA:189,1
DA:190,1
DA:191,1
DA:192,1
DA:193,1
DA:194,1
LF:194
LH:160
BRDA:96,0,0,1
BRDA:98,1,0,1
BRDA:102,2,0,1
BRDA:109,3,0,1
BRDA:115,4,0,1
BRDA:120,5,0,1
BRDA:127,6,0,1
BRDA:133,7,0,1
BRDA:138,8,0,1
BRDA:145,9,0,1
BRDA:151,10,0,1
BRDA:154,11,0,1
BRDA:161,12,0,1
BRDA:165,13,0,1
BRDA:170,14,0,1
BRDA:177,15,0,1
BRF:16
BRH:16
end_of_record
TN:
SF:src\utils\cookie.ts
FN:1,getCookie
FN:13,setCookie
FN:45,deleteCookie
FNF:3
FNH:0
FNDA:0,getCookie
FNDA:0,setCookie
FNDA:0,deleteCookie
DA:1,0
DA:2,0
DA:3,0
DA:4,0
DA:5,0
DA:6,0
DA:7,0
DA:8,0
DA:9,0
DA:10,0
DA:11,0
DA:12,1
DA:13,0
DA:14,0
DA:15,0
DA:16,0
DA:17,0
DA:18,0
DA:19,0
DA:20,0
DA:21,0
DA:22,0
DA:23,0
DA:24,0
DA:25,0
DA:26,0
DA:27,0
DA:28,0
DA:29,0
DA:30,0
DA:31,0
DA:32,0
DA:33,0
DA:34,0
DA:35,0
DA:36,0
DA:37,0
DA:38,0
DA:39,0
DA:40,0
DA:41,0
DA:42,0
DA:43,0
DA:44,1
DA:45,0
DA:46,0
DA:47,0
LF:47
LH:2
BRF:0
BRH:0
end_of_record
TN:
SF:src\utils\types.ts
FNF:0
FNH:0
DA:1,1
DA:2,1
DA:3,1
DA:4,1
DA:5,1
DA:6,1
DA:7,1
DA:8,1
DA:9,1
DA:10,1
DA:11,1
DA:12,1
DA:13,1
DA:14,1
DA:15,1
DA:16,1
DA:17,1
DA:18,1
DA:19,1
DA:20,1
DA:21,1
DA:22,1
DA:23,1
DA:24,1
DA:25,1
DA:26,1
DA:27,1
DA:28,1
DA:29,1
DA:30,1
DA:31,1
DA:32,1
DA:33,1
DA:34,1
DA:35,1
DA:36,1
DA:37,4
DA:38,4
DA:39,4
DA:40,4
DA:41,4
DA:42,4
LF:42
LH:42
BRDA:37,0,0,4
BRF:1
BRH:1
end_of_record
